2022-10-20 03:15:09.627  INFO 14528 --- [http-nio-8081-exec-9] com.app.hitcher.aspect.LoggingAspect     : TECHGEEKNEXT - Spring Boot Logging - Execution time of JpaSpecificationExecutor.findAll :: 239 ms
2022-10-20 03:15:09.784  INFO 14528 --- [http-nio-8081-exec-9] com.app.hitcher.aspect.LoggingAspect     : TECHGEEKNEXT - Spring Boot Logging - Execution time of TripServiceImpl.findAllBySpec :: 417 ms
2022-10-20 03:15:09.787  INFO 14528 --- [http-nio-8081-exec-9] com.app.hitcher.aspect.LoggingAspect     : TECHGEEKNEXT - Spring Boot Logging - Execution time of TripController.getAllBySpec :: 423 ms
2022-10-20 03:16:10.876  INFO 14528 --- [http-nio-8081-exec-4] com.app.hitcher.aspect.LoggingAspect     : TECHGEEKNEXT - Spring Boot Logging - Execution time of JpaSpecificationExecutor.findAll :: 14 ms
2022-10-20 03:16:10.878  INFO 14528 --- [http-nio-8081-exec-4] com.app.hitcher.aspect.LoggingAspect     : TECHGEEKNEXT - Spring Boot Logging - Execution time of TripServiceImpl.findAllBySpec :: 17 ms
2022-10-20 03:16:10.880  INFO 14528 --- [http-nio-8081-exec-4] com.app.hitcher.aspect.LoggingAspect     : TECHGEEKNEXT - Spring Boot Logging - Execution time of TripController.getAllBySpec :: 20 ms
2022-10-20 03:16:42.664  INFO 14528 --- [http-nio-8081-exec-8] com.app.hitcher.aspect.LoggingAspect     : TECHGEEKNEXT - Spring Boot Logging - Execution time of JpaSpecificationExecutor.findAll :: 9 ms
2022-10-20 03:16:42.666  INFO 14528 --- [http-nio-8081-exec-8] com.app.hitcher.aspect.LoggingAspect     : TECHGEEKNEXT - Spring Boot Logging - Execution time of TripServiceImpl.findAllBySpec :: 12 ms
2022-10-20 03:16:42.666  INFO 14528 --- [http-nio-8081-exec-8] com.app.hitcher.aspect.LoggingAspect     : TECHGEEKNEXT - Spring Boot Logging - Execution time of TripController.getAllBySpec :: 12 ms
2022-10-20 03:16:47.651  INFO 14528 --- [http-nio-8081-exec-10] com.app.hitcher.aspect.LoggingAspect     : TECHGEEKNEXT - Spring Boot Logging - Execution time of JpaSpecificationExecutor.findAll :: 12 ms
2022-10-20 03:16:47.653  INFO 14528 --- [http-nio-8081-exec-10] com.app.hitcher.aspect.LoggingAspect     : TECHGEEKNEXT - Spring Boot Logging - Execution time of TripServiceImpl.findAllBySpec :: 14 ms
2022-10-20 03:16:47.655  INFO 14528 --- [http-nio-8081-exec-10] com.app.hitcher.aspect.LoggingAspect     : TECHGEEKNEXT - Spring Boot Logging - Execution time of TripController.getAllBySpec :: 16 ms
2022-10-20 03:51:36.074  INFO 14528 --- [http-nio-8081-exec-5] com.app.hitcher.aspect.LoggingAspect     : TECHGEEKNEXT - Spring Boot Logging - Execution time of JpaSpecificationExecutor.findAll :: 236 ms
2022-10-20 03:51:36.095  INFO 14528 --- [http-nio-8081-exec-5] com.app.hitcher.aspect.LoggingAspect     : TECHGEEKNEXT - Spring Boot Logging - Execution time of TripServiceImpl.findAllBySpec :: 273 ms
2022-10-20 03:51:36.096  INFO 14528 --- [http-nio-8081-exec-5] com.app.hitcher.aspect.LoggingAspect     : TECHGEEKNEXT - Spring Boot Logging - Execution time of TripController.getAllBySpec :: 276 ms
2022-10-20 04:26:55.674  INFO 14528 --- [http-nio-8081-exec-4] com.app.hitcher.aspect.LoggingAspect     : TECHGEEKNEXT - Spring Boot Logging - Execution time of JpaSpecificationExecutor.findAll :: 177 ms
2022-10-20 04:26:55.682  INFO 14528 --- [http-nio-8081-exec-4] com.app.hitcher.aspect.LoggingAspect     : TECHGEEKNEXT - Spring Boot Logging - Execution time of TripServiceImpl.findAllBySpec :: 201 ms
2022-10-20 04:26:55.682  INFO 14528 --- [http-nio-8081-exec-4] com.app.hitcher.aspect.LoggingAspect     : TECHGEEKNEXT - Spring Boot Logging - Execution time of TripController.getAllBySpec :: 205 ms
2022-10-20 04:27:02.133  INFO 14528 --- [http-nio-8081-exec-6] com.app.hitcher.aspect.LoggingAspect     : TECHGEEKNEXT - Spring Boot Logging - Execution time of JpaSpecificationExecutor.findAll :: 15 ms
2022-10-20 04:27:02.136  INFO 14528 --- [http-nio-8081-exec-6] com.app.hitcher.aspect.LoggingAspect     : TECHGEEKNEXT - Spring Boot Logging - Execution time of TripServiceImpl.findAllBySpec :: 17 ms
2022-10-20 04:27:02.136  INFO 14528 --- [http-nio-8081-exec-6] com.app.hitcher.aspect.LoggingAspect     : TECHGEEKNEXT - Spring Boot Logging - Execution time of TripController.getAllBySpec :: 18 ms
2022-10-20 04:29:22.012  INFO 14528 --- [http-nio-8081-exec-10] com.app.hitcher.aspect.LoggingAspect     : TECHGEEKNEXT - Spring Boot Logging - Execution time of JpaSpecificationExecutor.findAll :: 32 ms
2022-10-20 04:29:22.019  INFO 14528 --- [http-nio-8081-exec-10] com.app.hitcher.aspect.LoggingAspect     : TECHGEEKNEXT - Spring Boot Logging - Execution time of TripServiceImpl.findAllBySpec :: 34 ms
2022-10-20 04:29:22.021  INFO 14528 --- [http-nio-8081-exec-10] com.app.hitcher.aspect.LoggingAspect     : TECHGEEKNEXT - Spring Boot Logging - Execution time of TripController.getAllBySpec :: 36 ms
2022-10-20 04:39:54.007  INFO 14528 --- [http-nio-8081-exec-3] com.app.hitcher.aspect.LoggingAspect     : TECHGEEKNEXT - Spring Boot Logging - Execution time of JpaSpecificationExecutor.findAll :: 167 ms
2022-10-20 04:39:54.023  INFO 14528 --- [http-nio-8081-exec-3] com.app.hitcher.aspect.LoggingAspect     : TECHGEEKNEXT - Spring Boot Logging - Execution time of TripServiceImpl.findAllBySpec :: 192 ms
2022-10-20 04:39:54.023  INFO 14528 --- [http-nio-8081-exec-3] com.app.hitcher.aspect.LoggingAspect     : TECHGEEKNEXT - Spring Boot Logging - Execution time of TripController.getAllBySpec :: 194 ms
2022-10-20 04:39:55.822  INFO 14528 --- [http-nio-8081-exec-9] com.app.hitcher.aspect.LoggingAspect     : TECHGEEKNEXT - Spring Boot Logging - Execution time of JpaSpecificationExecutor.findAll :: 12 ms
2022-10-20 04:39:55.823  INFO 14528 --- [http-nio-8081-exec-9] com.app.hitcher.aspect.LoggingAspect     : TECHGEEKNEXT - Spring Boot Logging - Execution time of TripServiceImpl.findAllBySpec :: 14 ms
2022-10-20 04:39:55.823  INFO 14528 --- [http-nio-8081-exec-9] com.app.hitcher.aspect.LoggingAspect     : TECHGEEKNEXT - Spring Boot Logging - Execution time of TripController.getAllBySpec :: 15 ms
2022-10-20 04:40:04.727  INFO 14528 --- [http-nio-8081-exec-7] com.app.hitcher.aspect.LoggingAspect     : TECHGEEKNEXT - Spring Boot Logging - Execution time of JpaSpecificationExecutor.findAll :: 16 ms
2022-10-20 04:40:04.728  INFO 14528 --- [http-nio-8081-exec-7] com.app.hitcher.aspect.LoggingAspect     : TECHGEEKNEXT - Spring Boot Logging - Execution time of TripServiceImpl.findAllBySpec :: 18 ms
2022-10-20 04:40:04.729  INFO 14528 --- [http-nio-8081-exec-7] com.app.hitcher.aspect.LoggingAspect     : TECHGEEKNEXT - Spring Boot Logging - Execution time of TripController.getAllBySpec :: 19 ms
2022-10-20 04:44:25.874  INFO 14528 --- [http-nio-8081-exec-6] com.app.hitcher.aspect.LoggingAspect     : TECHGEEKNEXT - Spring Boot Logging - Execution time of JpaSpecificationExecutor.findAll :: 44 ms
2022-10-20 04:44:25.874  INFO 14528 --- [http-nio-8081-exec-6] com.app.hitcher.aspect.LoggingAspect     : TECHGEEKNEXT - Spring Boot Logging - Execution time of TripServiceImpl.findAllBySpec :: 46 ms
2022-10-20 04:44:25.874  INFO 14528 --- [http-nio-8081-exec-6] com.app.hitcher.aspect.LoggingAspect     : TECHGEEKNEXT - Spring Boot Logging - Execution time of TripController.getAllBySpec :: 47 ms
2022-10-20 04:44:34.827  INFO 14528 --- [http-nio-8081-exec-8] com.app.hitcher.aspect.LoggingAspect     : TECHGEEKNEXT - Spring Boot Logging - Execution time of JpaSpecificationExecutor.findAll :: 10 ms
2022-10-20 04:44:34.836  INFO 14528 --- [http-nio-8081-exec-8] com.app.hitcher.aspect.LoggingAspect     : TECHGEEKNEXT - Spring Boot Logging - Execution time of TripServiceImpl.findAllBySpec :: 13 ms
2022-10-20 04:44:34.836  INFO 14528 --- [http-nio-8081-exec-8] com.app.hitcher.aspect.LoggingAspect     : TECHGEEKNEXT - Spring Boot Logging - Execution time of TripController.getAllBySpec :: 14 ms
2022-10-20 04:45:15.488  INFO 14528 --- [http-nio-8081-exec-1] com.app.hitcher.aspect.LoggingAspect     : TECHGEEKNEXT - Spring Boot Logging - Execution time of JpaSpecificationExecutor.findAll :: 11 ms
2022-10-20 04:45:15.488  INFO 14528 --- [http-nio-8081-exec-1] com.app.hitcher.aspect.LoggingAspect     : TECHGEEKNEXT - Spring Boot Logging - Execution time of TripServiceImpl.findAllBySpec :: 12 ms
2022-10-20 04:45:15.488  INFO 14528 --- [http-nio-8081-exec-1] com.app.hitcher.aspect.LoggingAspect     : TECHGEEKNEXT - Spring Boot Logging - Execution time of TripController.getAllBySpec :: 13 ms
2022-10-20 05:08:20.179  INFO 14528 --- [http-nio-8081-exec-8] com.app.hitcher.aspect.LoggingAspect     : TECHGEEKNEXT - Spring Boot Logging - Execution time of JpaSpecificationExecutor.findAll :: 216 ms
2022-10-20 05:08:20.191  INFO 14528 --- [http-nio-8081-exec-8] com.app.hitcher.aspect.LoggingAspect     : TECHGEEKNEXT - Spring Boot Logging - Execution time of TripServiceImpl.findAllBySpec :: 253 ms
2022-10-20 05:08:20.193  INFO 14528 --- [http-nio-8081-exec-8] com.app.hitcher.aspect.LoggingAspect     : TECHGEEKNEXT - Spring Boot Logging - Execution time of TripController.getAllBySpec :: 257 ms
2022-10-20 05:08:22.094  INFO 14528 --- [http-nio-8081-exec-10] com.app.hitcher.aspect.LoggingAspect     : TECHGEEKNEXT - Spring Boot Logging - Execution time of JpaSpecificationExecutor.findAll :: 6 ms
2022-10-20 05:08:22.095  INFO 14528 --- [http-nio-8081-exec-10] com.app.hitcher.aspect.LoggingAspect     : TECHGEEKNEXT - Spring Boot Logging - Execution time of TripServiceImpl.findAllBySpec :: 7 ms
2022-10-20 05:08:22.095  INFO 14528 --- [http-nio-8081-exec-10] com.app.hitcher.aspect.LoggingAspect     : TECHGEEKNEXT - Spring Boot Logging - Execution time of TripController.getAllBySpec :: 8 ms
2022-10-20 05:08:36.012 ERROR 14528 --- [http-nio-8081-exec-2] o.a.c.c.C.[.[.[/].[dispatcherServlet]    : Servlet.service() for servlet [dispatcherServlet] in context with path [] threw exception [Request processing failed; nested exception is java.lang.NullPointerException: text] with root cause

java.lang.NullPointerException: text
	at java.base/java.util.Objects.requireNonNull(Objects.java:233) ~[na:na]
	at java.base/java.time.format.DateTimeFormatter.parse(DateTimeFormatter.java:1955) ~[na:na]
	at java.base/java.time.LocalDate.parse(LocalDate.java:430) ~[na:na]
	at com.app.hitcher.service.impl.TripServiceImpl.findAllBySpec(TripServiceImpl.java:79) ~[classes/:na]
	at com.app.hitcher.service.impl.TripServiceImpl$$FastClassBySpringCGLIB$$9a1d3b9e.invoke(<generated>) ~[classes/:na]
	at org.springframework.cglib.proxy.MethodProxy.invoke(MethodProxy.java:218) ~[spring-core-5.3.23.jar:5.3.23]
	at org.springframework.aop.framework.CglibAopProxy$CglibMethodInvocation.invokeJoinpoint(CglibAopProxy.java:793) ~[spring-aop-5.3.23.jar:5.3.23]
	at org.springframework.aop.framework.ReflectiveMethodInvocation.proceed(ReflectiveMethodInvocation.java:163) ~[spring-aop-5.3.23.jar:5.3.23]
	at org.springframework.aop.framework.CglibAopProxy$CglibMethodInvocation.proceed(CglibAopProxy.java:763) ~[spring-aop-5.3.23.jar:5.3.23]
	at org.springframework.aop.aspectj.MethodInvocationProceedingJoinPoint.proceed(MethodInvocationProceedingJoinPoint.java:89) ~[spring-aop-5.3.23.jar:5.3.23]
	at com.app.hitcher.aspect.LoggingAspect.logMethodExecutionTime(LoggingAspect.java:25) ~[classes/:na]
	at java.base/jdk.internal.reflect.DirectMethodHandleAccessor.invoke(DirectMethodHandleAccessor.java:104) ~[na:na]
	at java.base/java.lang.reflect.Method.invoke(Method.java:577) ~[na:na]
	at org.springframework.aop.aspectj.AbstractAspectJAdvice.invokeAdviceMethodWithGivenArgs(AbstractAspectJAdvice.java:634) ~[spring-aop-5.3.23.jar:5.3.23]
	at org.springframework.aop.aspectj.AbstractAspectJAdvice.invokeAdviceMethod(AbstractAspectJAdvice.java:624) ~[spring-aop-5.3.23.jar:5.3.23]
	at org.springframework.aop.aspectj.AspectJAroundAdvice.invoke(AspectJAroundAdvice.java:72) ~[spring-aop-5.3.23.jar:5.3.23]
	at org.springframework.aop.framework.ReflectiveMethodInvocation.proceed(ReflectiveMethodInvocation.java:186) ~[spring-aop-5.3.23.jar:5.3.23]
	at org.springframework.aop.framework.CglibAopProxy$CglibMethodInvocation.proceed(CglibAopProxy.java:763) ~[spring-aop-5.3.23.jar:5.3.23]
	at org.springframework.aop.interceptor.ExposeInvocationInterceptor.invoke(ExposeInvocationInterceptor.java:97) ~[spring-aop-5.3.23.jar:5.3.23]
	at org.springframework.aop.framework.ReflectiveMethodInvocation.proceed(ReflectiveMethodInvocation.java:186) ~[spring-aop-5.3.23.jar:5.3.23]
	at org.springframework.aop.framework.CglibAopProxy$CglibMethodInvocation.proceed(CglibAopProxy.java:763) ~[spring-aop-5.3.23.jar:5.3.23]
	at org.springframework.aop.framework.CglibAopProxy$DynamicAdvisedInterceptor.intercept(CglibAopProxy.java:708) ~[spring-aop-5.3.23.jar:5.3.23]
	at com.app.hitcher.service.impl.TripServiceImpl$$EnhancerBySpringCGLIB$$bfe95352.findAllBySpec(<generated>) ~[classes/:na]
	at com.app.hitcher.controller.TripController.getAllBySpec(TripController.java:29) ~[classes/:na]
	at com.app.hitcher.controller.TripController$$FastClassBySpringCGLIB$$7df31c50.invoke(<generated>) ~[classes/:na]
	at org.springframework.cglib.proxy.MethodProxy.invoke(MethodProxy.java:218) ~[spring-core-5.3.23.jar:5.3.23]
	at org.springframework.aop.framework.CglibAopProxy$CglibMethodInvocation.invokeJoinpoint(CglibAopProxy.java:793) ~[spring-aop-5.3.23.jar:5.3.23]
	at org.springframework.aop.framework.ReflectiveMethodInvocation.proceed(ReflectiveMethodInvocation.java:163) ~[spring-aop-5.3.23.jar:5.3.23]
	at org.springframework.aop.framework.CglibAopProxy$CglibMethodInvocation.proceed(CglibAopProxy.java:763) ~[spring-aop-5.3.23.jar:5.3.23]
	at org.springframework.aop.aspectj.MethodInvocationProceedingJoinPoint.proceed(MethodInvocationProceedingJoinPoint.java:89) ~[spring-aop-5.3.23.jar:5.3.23]
	at com.app.hitcher.aspect.LoggingAspect.logMethodExecutionTime(LoggingAspect.java:25) ~[classes/:na]
	at java.base/jdk.internal.reflect.DirectMethodHandleAccessor.invoke(DirectMethodHandleAccessor.java:104) ~[na:na]
	at java.base/java.lang.reflect.Method.invoke(Method.java:577) ~[na:na]
	at org.springframework.aop.aspectj.AbstractAspectJAdvice.invokeAdviceMethodWithGivenArgs(AbstractAspectJAdvice.java:634) ~[spring-aop-5.3.23.jar:5.3.23]
	at org.springframework.aop.aspectj.AbstractAspectJAdvice.invokeAdviceMethod(AbstractAspectJAdvice.java:624) ~[spring-aop-5.3.23.jar:5.3.23]
	at org.springframework.aop.aspectj.AspectJAroundAdvice.invoke(AspectJAroundAdvice.java:72) ~[spring-aop-5.3.23.jar:5.3.23]
	at org.springframework.aop.framework.ReflectiveMethodInvocation.proceed(ReflectiveMethodInvocation.java:186) ~[spring-aop-5.3.23.jar:5.3.23]
	at org.springframework.aop.framework.CglibAopProxy$CglibMethodInvocation.proceed(CglibAopProxy.java:763) ~[spring-aop-5.3.23.jar:5.3.23]
	at org.springframework.aop.interceptor.ExposeInvocationInterceptor.invoke(ExposeInvocationInterceptor.java:97) ~[spring-aop-5.3.23.jar:5.3.23]
	at org.springframework.aop.framework.ReflectiveMethodInvocation.proceed(ReflectiveMethodInvocation.java:186) ~[spring-aop-5.3.23.jar:5.3.23]
	at org.springframework.aop.framework.CglibAopProxy$CglibMethodInvocation.proceed(CglibAopProxy.java:763) ~[spring-aop-5.3.23.jar:5.3.23]
	at org.springframework.aop.framework.CglibAopProxy$DynamicAdvisedInterceptor.intercept(CglibAopProxy.java:708) ~[spring-aop-5.3.23.jar:5.3.23]
	at com.app.hitcher.controller.TripController$$EnhancerBySpringCGLIB$$b23bf4a8.getAllBySpec(<generated>) ~[classes/:na]
	at java.base/jdk.internal.reflect.DirectMethodHandleAccessor.invoke(DirectMethodHandleAccessor.java:104) ~[na:na]
	at java.base/java.lang.reflect.Method.invoke(Method.java:577) ~[na:na]
	at org.springframework.web.method.support.InvocableHandlerMethod.doInvoke(InvocableHandlerMethod.java:205) ~[spring-web-5.3.23.jar:5.3.23]
	at org.springframework.web.method.support.InvocableHandlerMethod.invokeForRequest(InvocableHandlerMethod.java:150) ~[spring-web-5.3.23.jar:5.3.23]
	at org.springframework.web.servlet.mvc.method.annotation.ServletInvocableHandlerMethod.invokeAndHandle(ServletInvocableHandlerMethod.java:117) ~[spring-webmvc-5.3.23.jar:5.3.23]
	at org.springframework.web.servlet.mvc.method.annotation.RequestMappingHandlerAdapter.invokeHandlerMethod(RequestMappingHandlerAdapter.java:895) ~[spring-webmvc-5.3.23.jar:5.3.23]
	at org.springframework.web.servlet.mvc.method.annotation.RequestMappingHandlerAdapter.handleInternal(RequestMappingHandlerAdapter.java:808) ~[spring-webmvc-5.3.23.jar:5.3.23]
	at org.springframework.web.servlet.mvc.method.AbstractHandlerMethodAdapter.handle(AbstractHandlerMethodAdapter.java:87) ~[spring-webmvc-5.3.23.jar:5.3.23]
	at org.springframework.web.servlet.DispatcherServlet.doDispatch(DispatcherServlet.java:1071) ~[spring-webmvc-5.3.23.jar:5.3.23]
	at org.springframework.web.servlet.DispatcherServlet.doService(DispatcherServlet.java:964) ~[spring-webmvc-5.3.23.jar:5.3.23]
	at org.springframework.web.servlet.FrameworkServlet.processRequest(FrameworkServlet.java:1006) ~[spring-webmvc-5.3.23.jar:5.3.23]
	at org.springframework.web.servlet.FrameworkServlet.doGet(FrameworkServlet.java:898) ~[spring-webmvc-5.3.23.jar:5.3.23]
	at javax.servlet.http.HttpServlet.service(HttpServlet.java:655) ~[tomcat-embed-core-9.0.65.jar:4.0.FR]
	at org.springframework.web.servlet.FrameworkServlet.service(FrameworkServlet.java:883) ~[spring-webmvc-5.3.23.jar:5.3.23]
	at javax.servlet.http.HttpServlet.service(HttpServlet.java:764) ~[tomcat-embed-core-9.0.65.jar:4.0.FR]
	at org.apache.catalina.core.ApplicationFilterChain.internalDoFilter(ApplicationFilterChain.java:227) ~[tomcat-embed-core-9.0.65.jar:9.0.65]
	at org.apache.catalina.core.ApplicationFilterChain.doFilter(ApplicationFilterChain.java:162) ~[tomcat-embed-core-9.0.65.jar:9.0.65]
	at org.apache.tomcat.websocket.server.WsFilter.doFilter(WsFilter.java:53) ~[tomcat-embed-websocket-9.0.65.jar:9.0.65]
	at org.apache.catalina.core.ApplicationFilterChain.internalDoFilter(ApplicationFilterChain.java:189) ~[tomcat-embed-core-9.0.65.jar:9.0.65]
	at org.apache.catalina.core.ApplicationFilterChain.doFilter(ApplicationFilterChain.java:162) ~[tomcat-embed-core-9.0.65.jar:9.0.65]
	at org.springframework.web.filter.RequestContextFilter.doFilterInternal(RequestContextFilter.java:100) ~[spring-web-5.3.23.jar:5.3.23]
	at org.springframework.web.filter.OncePerRequestFilter.doFilter(OncePerRequestFilter.java:117) ~[spring-web-5.3.23.jar:5.3.23]
	at org.apache.catalina.core.ApplicationFilterChain.internalDoFilter(ApplicationFilterChain.java:189) ~[tomcat-embed-core-9.0.65.jar:9.0.65]
	at org.apache.catalina.core.ApplicationFilterChain.doFilter(ApplicationFilterChain.java:162) ~[tomcat-embed-core-9.0.65.jar:9.0.65]
	at org.springframework.web.filter.FormContentFilter.doFilterInternal(FormContentFilter.java:93) ~[spring-web-5.3.23.jar:5.3.23]
	at org.springframework.web.filter.OncePerRequestFilter.doFilter(OncePerRequestFilter.java:117) ~[spring-web-5.3.23.jar:5.3.23]
	at org.apache.catalina.core.ApplicationFilterChain.internalDoFilter(ApplicationFilterChain.java:189) ~[tomcat-embed-core-9.0.65.jar:9.0.65]
	at org.apache.catalina.core.ApplicationFilterChain.doFilter(ApplicationFilterChain.java:162) ~[tomcat-embed-core-9.0.65.jar:9.0.65]
	at org.springframework.boot.actuate.metrics.web.servlet.WebMvcMetricsFilter.doFilterInternal(WebMvcMetricsFilter.java:96) ~[spring-boot-actuator-2.7.4.jar:2.7.4]
	at org.springframework.web.filter.OncePerRequestFilter.doFilter(OncePerRequestFilter.java:117) ~[spring-web-5.3.23.jar:5.3.23]
	at org.apache.catalina.core.ApplicationFilterChain.internalDoFilter(ApplicationFilterChain.java:189) ~[tomcat-embed-core-9.0.65.jar:9.0.65]
	at org.apache.catalina.core.ApplicationFilterChain.doFilter(ApplicationFilterChain.java:162) ~[tomcat-embed-core-9.0.65.jar:9.0.65]
	at org.springframework.web.filter.CharacterEncodingFilter.doFilterInternal(CharacterEncodingFilter.java:201) ~[spring-web-5.3.23.jar:5.3.23]
	at org.springframework.web.filter.OncePerRequestFilter.doFilter(OncePerRequestFilter.java:117) ~[spring-web-5.3.23.jar:5.3.23]
	at org.apache.catalina.core.ApplicationFilterChain.internalDoFilter(ApplicationFilterChain.java:189) ~[tomcat-embed-core-9.0.65.jar:9.0.65]
	at org.apache.catalina.core.ApplicationFilterChain.doFilter(ApplicationFilterChain.java:162) ~[tomcat-embed-core-9.0.65.jar:9.0.65]
	at org.apache.catalina.core.StandardWrapperValve.invoke(StandardWrapperValve.java:197) ~[tomcat-embed-core-9.0.65.jar:9.0.65]
	at org.apache.catalina.core.StandardContextValve.invoke(StandardContextValve.java:97) ~[tomcat-embed-core-9.0.65.jar:9.0.65]
	at org.apache.catalina.authenticator.AuthenticatorBase.invoke(AuthenticatorBase.java:541) ~[tomcat-embed-core-9.0.65.jar:9.0.65]
	at org.apache.catalina.core.StandardHostValve.invoke(StandardHostValve.java:135) ~[tomcat-embed-core-9.0.65.jar:9.0.65]
	at org.apache.catalina.valves.ErrorReportValve.invoke(ErrorReportValve.java:92) ~[tomcat-embed-core-9.0.65.jar:9.0.65]
	at org.apache.catalina.core.StandardEngineValve.invoke(StandardEngineValve.java:78) ~[tomcat-embed-core-9.0.65.jar:9.0.65]
	at org.apache.catalina.connector.CoyoteAdapter.service(CoyoteAdapter.java:360) ~[tomcat-embed-core-9.0.65.jar:9.0.65]
	at org.apache.coyote.http11.Http11Processor.service(Http11Processor.java:399) ~[tomcat-embed-core-9.0.65.jar:9.0.65]
	at org.apache.coyote.AbstractProcessorLight.process(AbstractProcessorLight.java:65) ~[tomcat-embed-core-9.0.65.jar:9.0.65]
	at org.apache.coyote.AbstractProtocol$ConnectionHandler.process(AbstractProtocol.java:890) ~[tomcat-embed-core-9.0.65.jar:9.0.65]
	at org.apache.tomcat.util.net.NioEndpoint$SocketProcessor.doRun(NioEndpoint.java:1789) ~[tomcat-embed-core-9.0.65.jar:9.0.65]
	at org.apache.tomcat.util.net.SocketProcessorBase.run(SocketProcessorBase.java:49) ~[tomcat-embed-core-9.0.65.jar:9.0.65]
	at org.apache.tomcat.util.threads.ThreadPoolExecutor.runWorker(ThreadPoolExecutor.java:1191) ~[tomcat-embed-core-9.0.65.jar:9.0.65]
	at org.apache.tomcat.util.threads.ThreadPoolExecutor$Worker.run(ThreadPoolExecutor.java:659) ~[tomcat-embed-core-9.0.65.jar:9.0.65]
	at org.apache.tomcat.util.threads.TaskThread$WrappingRunnable.run(TaskThread.java:61) ~[tomcat-embed-core-9.0.65.jar:9.0.65]
	at java.base/java.lang.Thread.run(Thread.java:833) ~[na:na]

2022-10-20 05:10:04.033  INFO 14528 --- [http-nio-8081-exec-6] com.app.hitcher.aspect.LoggingAspect     : TECHGEEKNEXT - Spring Boot Logging - Execution time of JpaSpecificationExecutor.findAll :: 12 ms
2022-10-20 05:10:04.035  INFO 14528 --- [http-nio-8081-exec-6] com.app.hitcher.aspect.LoggingAspect     : TECHGEEKNEXT - Spring Boot Logging - Execution time of TripServiceImpl.findAllBySpec :: 14 ms
2022-10-20 05:10:04.036  INFO 14528 --- [http-nio-8081-exec-6] com.app.hitcher.aspect.LoggingAspect     : TECHGEEKNEXT - Spring Boot Logging - Execution time of TripController.getAllBySpec :: 15 ms
2022-10-20 05:11:37.618  INFO 14528 --- [http-nio-8081-exec-2] com.app.hitcher.aspect.LoggingAspect     : TECHGEEKNEXT - Spring Boot Logging - Execution time of JpaSpecificationExecutor.findAll :: 20 ms
2022-10-20 05:11:37.624  INFO 14528 --- [http-nio-8081-exec-2] com.app.hitcher.aspect.LoggingAspect     : TECHGEEKNEXT - Spring Boot Logging - Execution time of TripServiceImpl.findAllBySpec :: 25 ms
2022-10-20 05:11:37.627  INFO 14528 --- [http-nio-8081-exec-2] com.app.hitcher.aspect.LoggingAspect     : TECHGEEKNEXT - Spring Boot Logging - Execution time of TripController.getAllBySpec :: 28 ms
2022-10-20 05:11:40.765  INFO 14528 --- [http-nio-8081-exec-3] com.app.hitcher.aspect.LoggingAspect     : TECHGEEKNEXT - Spring Boot Logging - Execution time of JpaSpecificationExecutor.findAll :: 16 ms
2022-10-20 05:11:40.766  INFO 14528 --- [http-nio-8081-exec-3] com.app.hitcher.aspect.LoggingAspect     : TECHGEEKNEXT - Spring Boot Logging - Execution time of TripServiceImpl.findAllBySpec :: 17 ms
2022-10-20 05:11:40.768  INFO 14528 --- [http-nio-8081-exec-3] com.app.hitcher.aspect.LoggingAspect     : TECHGEEKNEXT - Spring Boot Logging - Execution time of TripController.getAllBySpec :: 19 ms
2022-10-20 05:12:41.644  INFO 14528 --- [http-nio-8081-exec-4] com.app.hitcher.aspect.LoggingAspect     : TECHGEEKNEXT - Spring Boot Logging - Execution time of JpaSpecificationExecutor.findAll :: 18 ms
2022-10-20 05:12:41.646  INFO 14528 --- [http-nio-8081-exec-4] com.app.hitcher.aspect.LoggingAspect     : TECHGEEKNEXT - Spring Boot Logging - Execution time of TripServiceImpl.findAllBySpec :: 20 ms
2022-10-20 05:12:41.647  INFO 14528 --- [http-nio-8081-exec-4] com.app.hitcher.aspect.LoggingAspect     : TECHGEEKNEXT - Spring Boot Logging - Execution time of TripController.getAllBySpec :: 21 ms
